INFO:root:2024-10-26 11:27:23.206920: Alert sent for Vehicle 7GX9322
INFO:root:2024-10-26 11:27:23.956961: Alert sent for Vehicle 5-S2030
INFO:root:2024-10-26 11:27:24.582018: Alert sent for Vehicle 4LP78
INFO:root:2024-10-26 11:27:25.269564: Alert sent for Vehicle NKM 329
INFO:root:2024-10-26 11:27:25.847696: Alert sent for Vehicle I63 2NY
INFO:root:2024-10-26 11:27:26.301114: Alert sent for Vehicle 000E8
INFO:root:2024-10-26 11:27:26.972755: Alert sent for Vehicle OP-4910
INFO:root:2024-10-26 11:27:27.425907: Alert sent for Vehicle 2XB S00
INFO:root:2024-10-26 11:27:27.988455: Alert sent for Vehicle AHC 705
INFO:root:2024-10-26 11:27:28.504364: Alert sent for Vehicle CUC 243
INFO:root:2024-10-26 11:27:29.066622: Alert sent for Vehicle 3AC 710
INFO:root:2024-10-26 11:27:29.629157: Alert sent for Vehicle 249RX
INFO:root:2024-10-26 11:27:30.348220: Alert sent for Vehicle ALD-2016
INFO:root:2024-10-26 11:27:30.957371: Alert sent for Vehicle HYS 057
INFO:root:2024-10-26 11:27:31.484804: Alert sent for Vehicle UVO-8754
INFO:root:2024-10-26 11:27:32.094878: Alert sent for Vehicle ACJ 128
INFO:root:2024-10-26 11:27:32.702015: Alert sent for Vehicle MWP 9438
INFO:root:2024-10-26 11:27:33.178231: Alert sent for Vehicle EH6 Z3N
INFO:root:2024-10-26 11:27:34.044778: Alert sent for Vehicle LJ 45156
INFO:root:2024-10-26 11:27:34.546316: Alert sent for Vehicle 17-G644
INFO:root:2024-10-26 11:27:35.268515: Alert sent for Vehicle 958 BON
INFO:root:2024-10-26 11:27:36.082838: Alert sent for Vehicle 5WP9273
INFO:root:2024-10-26 11:27:36.701229: Alert sent for Vehicle 5HCW966
INFO:root:2024-10-26 11:27:37.204084: Alert sent for Vehicle 156 7AD
INFO:root:2024-10-26 11:27:37.620442: Alert sent for Vehicle 3-M3464
INFO:root:2024-10-26 11:27:38.152142: Alert sent for Vehicle 039T
INFO:root:2024-10-26 11:27:38.743213: Alert sent for Vehicle CWV9512
INFO:root:2024-10-26 11:27:39.259914: Alert sent for Vehicle 5UY 165
INFO:root:2024-10-26 11:27:40.077450: Alert sent for Vehicle ZNF 847
INFO:root:2024-10-26 11:27:40.694289: Alert sent for Vehicle 8N 04200
INFO:root:2024-10-26 11:27:41.414075: Alert sent for Vehicle KLX 357
INFO:root:2024-10-26 11:27:41.900476: Alert sent for Vehicle XO9 1701
INFO:root:2024-10-26 11:52:36.182999: Alert sent for Vehicle MQU-842
INFO:root:2024-10-26 11:52:36.761256: Alert sent for Vehicle 7MT O24
INFO:root:2024-10-26 11:52:37.198704: Alert sent for Vehicle 2-87581Z
INFO:root:2024-10-26 11:52:37.777099: Alert sent for Vehicle 7PI J02
INFO:root:2024-10-26 11:52:38.355265: Alert sent for Vehicle 247 5MO
INFO:root:2024-10-26 11:52:38.886288: Alert sent for Vehicle 7-5822Z
INFO:root:2024-10-26 11:52:39.511456: Alert sent for Vehicle EBB 506
INFO:root:2024-10-26 11:52:40.120744: Alert sent for Vehicle 980 7CP
INFO:root:2024-10-26 11:52:40.605122: Alert sent for Vehicle ML 6785
INFO:root:2024-10-26 11:52:41.011664: Alert sent for Vehicle 4DC 590
INFO:root:2024-10-26 11:52:41.464547: Alert sent for Vehicle PSW 426
INFO:root:2024-10-26 11:52:41.964844: Alert sent for Vehicle BLW-6320
INFO:root:2024-10-26 11:52:42.417746: Alert sent for Vehicle 650 FPW
INFO:root:2024-10-26 11:52:42.995907: Alert sent for Vehicle XOF-6179
INFO:root:2024-10-26 11:52:43.605325: Alert sent for Vehicle 1UY24
INFO:root:2024-10-26 11:52:44.027216: Alert sent for Vehicle 7SHO615
INFO:root:2024-10-26 11:52:44.620977: Alert sent for Vehicle 635-RCC
INFO:root:2024-10-26 11:52:45.058781: Alert sent for Vehicle W80 1AK
INFO:root:2024-10-26 11:52:45.652304: Alert sent for Vehicle MZY 988
INFO:root:2024-10-26 11:52:46.152310: Alert sent for Vehicle 33P B48
INFO:root:2024-10-26 11:52:46.574233: Alert sent for Vehicle 492-NFQT
INFO:root:2024-10-26 11:52:47.199264: Alert sent for Vehicle LH4 4528
INFO:root:2024-10-26 11:52:47.746426: Alert sent for Vehicle 311-PUJ
INFO:root:2024-10-26 11:52:48.168070: Alert sent for Vehicle 2VN79
INFO:root:2024-10-26 11:52:48.730606: Alert sent for Vehicle 097-YRZ
INFO:root:2024-10-26 11:52:49.558773: Alert sent for Vehicle EER 142
INFO:root:2024-10-26 11:52:50.074427: Alert sent for Vehicle 277-ZVNV
INFO:root:2024-10-26 11:52:50.574436: Alert sent for Vehicle 0V N4450
INFO:root:2024-10-26 11:52:51.183862: Alert sent for Vehicle X68 8VO
INFO:root:2024-10-26 11:52:51.574765: Alert sent for Vehicle 8LM K27
INFO:root:2024-10-26 11:56:43.221407: Alert sent for Vehicle MQU-842
INFO:root:2024-10-26 11:56:43.737058: Alert sent for Vehicle 7MT O24
INFO:root:2024-10-26 11:56:44.346470: Alert sent for Vehicle 2-87581Z
INFO:root:2024-10-26 11:56:44.893390: Alert sent for Vehicle 7PI J02
INFO:root:2024-10-26 11:56:45.424922: Alert sent for Vehicle 247 5MO
INFO:root:2024-10-26 11:56:45.846550: Alert sent for Vehicle 7-5822Z
INFO:root:2024-10-26 11:56:46.299701: Alert sent for Vehicle EBB 506
INFO:root:2024-10-26 11:56:46.877862: Alert sent for Vehicle 980 7CP
INFO:root:2024-10-26 11:56:47.487273: Alert sent for Vehicle ML 6785
INFO:root:2024-10-26 11:56:47.909168: Alert sent for Vehicle 4DC 590
INFO:root:2024-10-26 11:56:48.284441: Alert sent for Vehicle PSW 426
INFO:root:2024-10-26 11:56:48.690468: Alert sent for Vehicle BLW-6320
INFO:root:2024-10-26 11:56:49.096736: Alert sent for Vehicle 650 FPW
INFO:root:2024-10-26 11:56:49.503013: Alert sent for Vehicle XOF-6179
INFO:root:2024-10-26 11:56:49.925165: Alert sent for Vehicle 1UY24
INFO:root:2024-10-26 11:56:50.362435: Alert sent for Vehicle 7SHO615
INFO:root:2024-10-26 11:56:50.800198: Alert sent for Vehicle 635-RCC
INFO:root:2024-10-26 11:56:51.268736: Alert sent for Vehicle W80 1AK
INFO:root:2024-10-26 11:56:51.737513: Alert sent for Vehicle MZY 988
INFO:root:2024-10-26 11:56:52.127604: Alert sent for Vehicle 33P B48
INFO:root:2024-10-26 11:56:52.489379: Alert sent for Vehicle 492-NFQT
INFO:root:2024-10-26 11:56:53.060990: Alert sent for Vehicle LH4 4528
INFO:root:2024-10-26 11:56:53.558752: Alert sent for Vehicle 311-PUJ
INFO:root:2024-10-26 11:56:54.011629: Alert sent for Vehicle 2VN79
INFO:root:2024-10-26 11:56:54.543181: Alert sent for Vehicle 097-YRZ
INFO:root:2024-10-26 11:56:54.996275: Alert sent for Vehicle EER 142
INFO:root:2024-10-26 11:56:55.574216: Alert sent for Vehicle 277-ZVNV
INFO:root:2024-10-26 11:56:56.308904: Alert sent for Vehicle 0V N4450
INFO:root:2024-10-26 11:56:56.933670: Alert sent for Vehicle X68 8VO
INFO:root:2024-10-26 11:56:57.418329: Alert sent for Vehicle 8LM K27
INFO:root:2024-10-26 11:58:33.976703: Alert sent for Vehicle CQ-1004
INFO:root:2024-10-26 11:58:34.632830: Alert sent for Vehicle LVT 381
INFO:root:2024-10-26 11:58:35.554764: Alert sent for Vehicle W73 5GP
INFO:root:2024-10-26 11:58:36.289397: Alert sent for Vehicle 1V 9741E
INFO:root:2024-10-26 11:58:36.820453: Alert sent for Vehicle ZJD-587
INFO:root:2024-10-26 11:58:37.805138: Alert sent for Vehicle KQP 993
INFO:root:2024-10-26 11:58:38.992700: Alert sent for Vehicle 3DF4514
INFO:root:2024-10-26 11:58:39.617465: Alert sent for Vehicle L72 5KE
INFO:root:2024-10-26 11:58:40.289584: Alert sent for Vehicle 340LI
INFO:root:2024-10-26 11:58:41.086540: Alert sent for Vehicle 6-73270X
INFO:root:2024-10-26 11:58:42.070754: Alert sent for Vehicle 88O QY8
INFO:root:2024-10-26 11:58:42.633277: Alert sent for Vehicle 6U 8X3UBF
INFO:root:2024-10-26 11:58:43.571075: Alert sent for Vehicle 584 ZEN
INFO:root:2024-10-26 11:58:44.383383: Alert sent for Vehicle 4WI 778
INFO:root:2024-10-26 11:58:45.249535: Alert sent for Vehicle 2JP 989
INFO:root:2024-10-26 11:58:46.406098: Alert sent for Vehicle 5Y Q2019
INFO:root:2024-10-26 11:58:46.921505: Alert sent for Vehicle BRD-277
INFO:root:2024-10-26 11:58:47.453020: Alert sent for Vehicle RZH 413
INFO:root:2024-10-26 11:58:47.906182: Alert sent for Vehicle V97 4JD
INFO:root:2024-10-26 11:58:48.499719: Alert sent for Vehicle 767 WMS
INFO:root:2024-10-26 11:58:48.968756: Alert sent for Vehicle PZX8426
INFO:root:2024-10-26 11:58:49.624782: Alert sent for Vehicle 1N 49640
INFO:root:2024-10-26 11:58:50.062302: Alert sent for Vehicle U53-CAK
INFO:root:2024-10-26 11:58:50.484199: Alert sent for Vehicle 66BW7
INFO:root:2024-10-26 11:58:50.921892: Alert sent for Vehicle 6FN P49
INFO:root:2024-10-26 11:58:51.343876: Alert sent for Vehicle EWT 458
INFO:root:2024-10-26 11:58:51.781400: Alert sent for Vehicle 736 XN8
INFO:root:2024-10-26 11:58:52.218836: Alert sent for Vehicle QYQ 585
